<?xml version="1.0" encoding="UTF-8"?>
<testng-results ignored="0" total="4" passed="4" failed="0" skipped="0">
  <reporter-output>
  </reporter-output>
  <suite started-at="2022-12-31T20:33:57 IST" name="Default suite" finished-at="2022-12-31T20:34:15 IST" duration-ms="17752">
    <groups>
    </groups>
    <test started-at="2022-12-31T20:33:57 IST" name="Default test" finished-at="2022-12-31T20:34:15 IST" duration-ms="17752">
      <class name="org.inmakestest.testNG">
        <test-method is-config="true" signature="Launch()[pri:0, instance:org.inmakestest.testNG@3c77d488]" started-at="2022-12-31T20:33:57 IST" name="Launch" finished-at="2022-12-31T20:34:05 IST" duration-ms="7703" status="PASS">
          <reporter-output>
          </reporter-output>
        </test-method> <!-- Launch -->
        <test-method is-config="true" signature="Starttime()[pri:0, instance:org.inmakestest.testNG@3c77d488]" started-at="2022-12-31T20:34:05 IST" name="Starttime" finished-at="2022-12-31T20:34:05 IST" duration-ms="8" status="PASS">
          <reporter-output>
          </reporter-output>
        </test-method> <!-- Starttime -->
        <test-method signature="tc1()[pri:0, instance:org.inmakestest.testNG@3c77d488]" started-at="2022-12-31T20:34:05 IST" name="tc1" finished-at="2022-12-31T20:34:07 IST" duration-ms="2204" status="PASS">
          <reporter-output>
          </reporter-output>
        </test-method> <!-- tc1 -->
        <test-method is-config="true" signature="endtime()[pri:0, instance:org.inmakestest.testNG@3c77d488]" started-at="2022-12-31T20:34:07 IST" name="endtime" finished-at="2022-12-31T20:34:07 IST" duration-ms="1" status="PASS">
          <reporter-output>
          </reporter-output>
        </test-method> <!-- endtime -->
        <test-method signature="tc2()[pri:0, instance:org.inmakestest.testNG@3c77d488]" started-at="2022-12-31T20:34:07 IST" name="tc2" finished-at="2022-12-31T20:34:10 IST" duration-ms="3226" status="PASS">
          <reporter-output>
          </reporter-output>
        </test-method> <!-- tc2 -->
        <test-method is-config="true" signature="Starttime()[pri:0, instance:org.inmakestest.testNG@3c77d488]" started-at="2022-12-31T20:34:07 IST" name="Starttime" finished-at="2022-12-31T20:34:07 IST" duration-ms="0" status="PASS">
          <reporter-output>
          </reporter-output>
        </test-method> <!-- Starttime -->
        <test-method is-config="true" signature="endtime()[pri:0, instance:org.inmakestest.testNG@3c77d488]" started-at="2022-12-31T20:34:10 IST" name="endtime" finished-at="2022-12-31T20:34:10 IST" duration-ms="1" status="PASS">
          <reporter-output>
          </reporter-output>
        </test-method> <!-- endtime -->
        <test-method is-config="true" signature="Starttime()[pri:0, instance:org.inmakestest.testNG@3c77d488]" started-at="2022-12-31T20:34:10 IST" name="Starttime" finished-at="2022-12-31T20:34:10 IST" duration-ms="1" status="PASS">
          <reporter-output>
          </reporter-output>
        </test-method> <!-- Starttime -->
        <test-method signature="tc3()[pri:0, instance:org.inmakestest.testNG@3c77d488]" started-at="2022-12-31T20:34:10 IST" name="tc3" finished-at="2022-12-31T20:34:13 IST" duration-ms="2585" status="PASS">
          <reporter-output>
          </reporter-output>
        </test-method> <!-- tc3 -->
        <test-method is-config="true" signature="endtime()[pri:0, instance:org.inmakestest.testNG@3c77d488]" started-at="2022-12-31T20:34:13 IST" name="endtime" finished-at="2022-12-31T20:34:13 IST" duration-ms="1" status="PASS">
          <reporter-output>
          </reporter-output>
        </test-method> <!-- endtime -->
        <test-method signature="tc4()[pri:0, instance:org.inmakestest.testNG@3c77d488]" started-at="2022-12-31T20:34:13 IST" name="tc4" finished-at="2022-12-31T20:34:14 IST" duration-ms="1272" status="PASS">
          <reporter-output>
          </reporter-output>
        </test-method> <!-- tc4 -->
        <test-method is-config="true" signature="Starttime()[pri:0, instance:org.inmakestest.testNG@3c77d488]" started-at="2022-12-31T20:34:13 IST" name="Starttime" finished-at="2022-12-31T20:34:13 IST" duration-ms="0" status="PASS">
          <reporter-output>
          </reporter-output>
        </test-method> <!-- Starttime -->
        <test-method is-config="true" signature="endtime()[pri:0, instance:org.inmakestest.testNG@3c77d488]" started-at="2022-12-31T20:34:14 IST" name="endtime" finished-at="2022-12-31T20:34:14 IST" duration-ms="0" status="PASS">
          <reporter-output>
          </reporter-output>
        </test-method> <!-- endtime -->
        <test-method is-config="true" signature="close()[pri:0, instance:org.inmakestest.testNG@3c77d488]" started-at="2022-12-31T20:34:14 IST" name="close" finished-at="2022-12-31T20:34:15 IST" duration-ms="695" status="PASS">
          <reporter-output>
          </reporter-output>
        </test-method> <!-- close -->
      </class> <!-- org.inmakestest.testNG -->
    </test> <!-- Default test -->
  </suite> <!-- Default suite -->
</testng-results>
