<?xml version="1.0" encoding="UTF-8"?>
<!-- Generated by org.testng.reporters.JUnitXMLReporter -->
<testsuite ignored="2" hostname="CHEENU" failures="0" tests="1" name="Test" time="4.823" errors="0" timestamp="2022-12-20T00:49:00 IST">
  <testcase classname="org.test.A" name="fb" time="2.906"/>
  <testcase classname="org.test.A" name="tc12" time="0.0">
    <ignored/>
  </testcase> <!-- tc12 -->
  <testcase classname="org.test.A" name="tc13" time="0.0">
    <ignored/>
  </testcase> <!-- tc13 -->
</testsuite> <!-- Test -->
