<?xml version="1.0" encoding="UTF-8"?>
<!-- Generated by org.testng.reporters.JUnitXMLReporter -->
<testsuite ignored="0" hostname="CHEENU" failures="0" tests="4" name="Default test" time="17.752" errors="0" timestamp="2022-12-31T20:34:15 IST">
  <testcase classname="org.inmakestest.testNG" name="tc1" time="2.204"/>
  <testcase classname="org.inmakestest.testNG" name="tc2" time="3.226"/>
  <testcase classname="org.inmakestest.testNG" name="tc3" time="2.585"/>
  <testcase classname="org.inmakestest.testNG" name="tc4" time="1.272"/>
</testsuite> <!-- Default test -->
