<?xml version="1.0" encoding="UTF-8"?>
<testng-results ignored="0" total="3" passed="3" failed="0" skipped="0">
  <reporter-output>
  </reporter-output>
  <suite started-at="2022-12-21T00:21:07 IST" name="Suite" finished-at="2022-12-21T00:21:58 IST" duration-ms="51138">
    <groups>
    </groups>
    <test started-at="2022-12-21T00:21:07 IST" name="firefoxTest" finished-at="2022-12-21T00:21:49 IST" duration-ms="42117">
      <class name="org.test.crossBrowser">
        <test-method signature="tc1(java.lang.String)[pri:0, instance:org.test.crossBrowser@66f57048]" started-at="2022-12-21T00:21:07 IST" name="tc1" finished-at="2022-12-21T00:21:49 IST" duration-ms="41952" status="PASS">
          <params>
            <param index="0">
              <value>
                <![CDATA[firefox]]>
              </value>
            </param>
          </params>
          <reporter-output>
          </reporter-output>
        </test-method> <!-- tc1 -->
      </class> <!-- org.test.crossBrowser -->
    </test> <!-- firefoxTest -->
    <test started-at="2022-12-21T00:21:07 IST" name="chromeTest" finished-at="2022-12-21T00:21:57 IST" duration-ms="50490">
      <class name="org.test.crossBrowser">
        <test-method signature="tc1(java.lang.String)[pri:0, instance:org.test.crossBrowser@581ac8a8]" started-at="2022-12-21T00:21:07 IST" name="tc1" finished-at="2022-12-21T00:21:57 IST" duration-ms="50441" status="PASS">
          <params>
            <param index="0">
              <value>
                <![CDATA[chrome]]>
              </value>
            </param>
          </params>
          <reporter-output>
          </reporter-output>
        </test-method> <!-- tc1 -->
      </class> <!-- org.test.crossBrowser -->
    </test> <!-- chromeTest -->
    <test started-at="2022-12-21T00:21:07 IST" name="edgeTest" finished-at="2022-12-21T00:21:58 IST" duration-ms="51128">
      <class name="org.test.crossBrowser">
        <test-method signature="tc1(java.lang.String)[pri:0, instance:org.test.crossBrowser@437da279]" started-at="2022-12-21T00:21:07 IST" name="tc1" finished-at="2022-12-21T00:21:58 IST" duration-ms="51088" status="PASS">
          <params>
            <param index="0">
              <value>
                <![CDATA[edge]]>
              </value>
            </param>
          </params>
          <reporter-output>
          </reporter-output>
        </test-method> <!-- tc1 -->
      </class> <!-- org.test.crossBrowser -->
    </test> <!-- edgeTest -->
  </suite> <!-- Suite -->
</testng-results>
