<?xml version="1.0" encoding="UTF-8"?>
<!-- Generated by org.testng.reporters.JUnitXMLReporter -->
<testsuite ignored="2" hostname="CHEENU" failures="0" tests="4" name="Default test" time="62.715" errors="0" timestamp="2022-12-20T18:19:01 IST">
  <testcase classname="org.test.A" name="amaze" time="14.756"/>
  <testcase classname="org.test.A" name="amaze" time="20.451"/>
  <testcase classname="org.test.A" name="amaze" time="9.939"/>
  <testcase classname="org.test.A" name="amaze" time="9.192"/>
  <testcase classname="org.test.A" name="fb" time="0.0">
    <ignored/>
  </testcase> <!-- fb -->
  <testcase classname="org.test.A" name="tc13" time="0.0">
    <ignored/>
  </testcase> <!-- tc13 -->
</testsuite> <!-- Default test -->
